  pch.cpp
  RunServer.cpp
  RunServerDlg.cpp
E:\강의관련\개인프로젝트\RunServer\RunServer\RunServerDlg.cpp(190,22): warning C4477: 'sprintf_s' : 서식 문자열 '%d'에 'int' 형식의 인수가 필요하지만 variadic 인수 1의 형식이 'const char *'입니다.
  (소스 파일 '/RunServerDlg.cpp'을(를) 컴파일하는 중)
  
E:\강의관련\개인프로젝트\RunServer\RunServer\RunServerDlg.cpp(190,22): warning C4313: 'sprintf_s': 서식 문자열의 '%d'이(가) const char *' 형식의 인수 1과(와) 충돌합니다.
  (소스 파일 '/RunServerDlg.cpp'을(를) 컴파일하는 중)
  
E:\강의관련\개인프로젝트\RunServer\RunServer\RunServerDlg.cpp(190,22): warning C4477: 'sprintf_s' : 서식 문자열 '%d'에 'int' 형식의 인수가 필요하지만 variadic 인수 2의 형식이 'CString'입니다.
  (소스 파일 '/RunServerDlg.cpp'을(를) 컴파일하는 중)
  
E:\강의관련\개인프로젝트\RunServer\RunServer\RunServerDlg.cpp(222,33): warning C4244: '인수': 'WPARAM'에서 '_Ty'(으)로 변환하면서 데이터가 손실될 수 있습니다.
E:\강의관련\개인프로젝트\RunServer\RunServer\RunServerDlg.cpp(222,33): warning C4244:         with
E:\강의관련\개인프로젝트\RunServer\RunServer\RunServerDlg.cpp(222,33): warning C4244:         [
E:\강의관련\개인프로젝트\RunServer\RunServer\RunServerDlg.cpp(222,33): warning C4244:             _Ty=int
E:\강의관련\개인프로젝트\RunServer\RunServer\RunServerDlg.cpp(222,33): warning C4244:         ]
  (소스 파일 '/RunServerDlg.cpp'을(를) 컴파일하는 중)
  
  SocCom.cpp
  SocServer.cpp
  코드를 생성하고 있습니다.
  Previous IPDB not found, fall back to full compilation.
  All 325 functions were compiled because no usable IPDB/IOBJ from previous compilation was found.
  코드를 생성했습니다.
  RunServer.vcxproj -> E:\강의관련\개인프로젝트\RunServer\x64\Release\RunServer.exe
